2022-05-11 00:02:59.172  INFO 28360 --- [main] ru.kpfu.itis.hotel.HotelApplication      : Starting HotelApplication using Java 1.8.0_302 on DESKTOP-C0BSHQ4 with PID 28360 (D:\stud sql\JAVA\Hotel\target\classes started by niazh in D:\stud sql\JAVA\Hotel)
2022-05-11 00:02:59.181  INFO 28360 --- [main] ru.kpfu.itis.hotel.HotelApplication      : No active profile set, falling back to 1 default profile: "default"
2022-05-11 00:02:59.828  INFO 28360 --- [main] .s.d.r.c.RepositoryConfigurationDelegate : Bootstrapping Spring Data JPA repositories in DEFAULT mode.
2022-05-11 00:02:59.884  INFO 28360 --- [main] .s.d.r.c.RepositoryConfigurationDelegate : Finished Spring Data repository scanning in 47 ms. Found 4 JPA repository interfaces.
2022-05-11 00:03:00.672  INFO 28360 --- [main] o.s.b.w.embedded.tomcat.TomcatWebServer  : Tomcat initialized with port(s): 8080 (http)
2022-05-11 00:03:00.681  INFO 28360 --- [main] o.apache.catalina.core.StandardService   : Starting service [Tomcat]
2022-05-11 00:03:00.681  INFO 28360 --- [main] org.apache.catalina.core.StandardEngine  : Starting Servlet engine: [Apache Tomcat/9.0.62]
2022-05-11 00:03:00.812  INFO 28360 --- [main] o.a.c.c.C.[Tomcat].[localhost].[/]       : Initializing Spring embedded WebApplicationContext
2022-05-11 00:03:00.812  INFO 28360 --- [main] w.s.c.ServletWebServerApplicationContext : Root WebApplicationContext: initialization completed in 1579 ms
2022-05-11 00:03:00.911  INFO 28360 --- [main] com.zaxxer.hikari.HikariDataSource       : HikariPool-1 - Starting...
2022-05-11 00:03:01.111  INFO 28360 --- [main] com.zaxxer.hikari.HikariDataSource       : HikariPool-1 - Start completed.
2022-05-11 00:03:01.178  INFO 28360 --- [main] o.hibernate.jpa.internal.util.LogHelper  : HHH000204: Processing PersistenceUnitInfo [name: default]
2022-05-11 00:03:01.223  INFO 28360 --- [main] org.hibernate.Version                    : HHH000412: Hibernate ORM core version 5.6.8.Final
2022-05-11 00:03:01.349  INFO 28360 --- [main] o.hibernate.annotations.common.Version   : HCANN000001: Hibernate Commons Annotations {5.1.2.Final}
2022-05-11 00:03:01.453  INFO 28360 --- [main] org.hibernate.dialect.Dialect            : HHH000400: Using dialect: org.hibernate.dialect.PostgreSQLDialect
2022-05-11 00:03:02.246  INFO 28360 --- [main] o.h.e.t.j.p.i.JtaPlatformInitiator       : HHH000490: Using JtaPlatform implementation: [org.hibernate.engine.transaction.jta.platform.internal.NoJtaPlatform]
2022-05-11 00:03:02.255  INFO 28360 --- [main] j.LocalContainerEntityManagerFactoryBean : Initialized JPA EntityManagerFactory for persistence unit 'default'
2022-05-11 00:03:02.852  WARN 28360 --- [main] JpaBaseConfiguration$JpaWebConfiguration : spring.jpa.open-in-view is enabled by default. Therefore, database queries may be performed during view rendering. Explicitly configure spring.jpa.open-in-view to disable this warning
2022-05-11 00:03:03.166  INFO 28360 --- [main] o.s.s.web.DefaultSecurityFilterChain     : Will secure Ant [pattern='/auth/**'] with [org.springframework.security.web.context.request.async.WebAsyncManagerIntegrationFilter@4fe2dd02, org.springframework.security.web.context.SecurityContextPersistenceFilter@3611153f, org.springframework.security.web.header.HeaderWriterFilter@2712e8f4, org.springframework.security.web.csrf.CsrfFilter@1f39269d, org.springframework.security.web.authentication.logout.LogoutFilter@31f31b20, ru.kpfu.itis.hotel.security.ouath.VkOAuthAuthenticationFilter@1544ded3, org.springframework.security.web.savedrequest.RequestCacheAwareFilter@5238896f, org.springframework.security.web.servletapi.SecurityContextHolderAwareRequestFilter@274bae2c, org.springframework.security.web.authentication.AnonymousAuthenticationFilter@6ba060af, org.springframework.security.web.session.SessionManagementFilter@44b9c7c4, org.springframework.security.web.access.ExceptionTranslationFilter@1fb6b8fb, org.springframework.security.web.access.intercept.FilterSecurityInterceptor@53ba1175]
2022-05-11 00:03:03.183  INFO 28360 --- [main] o.s.s.web.DefaultSecurityFilterChain     : Will secure any request with [org.springframework.security.web.context.request.async.WebAsyncManagerIntegrationFilter@7a2a7492, org.springframework.security.web.context.SecurityContextPersistenceFilter@3a88f6fb, org.springframework.security.web.header.HeaderWriterFilter@5b3518e1, org.springframework.security.web.csrf.CsrfFilter@74d22ddd, org.springframework.security.web.authentication.logout.LogoutFilter@26a45089, org.springframework.security.web.authentication.UsernamePasswordAuthenticationFilter@33e50ff2, org.springframework.security.web.savedrequest.RequestCacheAwareFilter@7b451bf4, org.springframework.security.web.servletapi.SecurityContextHolderAwareRequestFilter@844e66d, org.springframework.security.web.authentication.rememberme.RememberMeAuthenticationFilter@21e484b, org.springframework.security.web.authentication.AnonymousAuthenticationFilter@6326c5ec, org.springframework.security.web.session.SessionManagementFilter@5fd18419, org.springframework.security.web.access.ExceptionTranslationFilter@283d3628, org.springframework.security.web.access.intercept.FilterSecurityInterceptor@29147c12]
2022-05-11 00:03:03.196  INFO 28360 --- [main] o.s.s.web.DefaultSecurityFilterChain     : Will secure any request with [org.springframework.security.web.context.request.async.WebAsyncManagerIntegrationFilter@6d420cdd, org.springframework.security.web.context.SecurityContextPersistenceFilter@3c488b34, org.springframework.security.web.header.HeaderWriterFilter@4b98225c, org.springframework.security.web.csrf.CsrfFilter@7d61468c, org.springframework.security.web.authentication.logout.LogoutFilter@eded048, org.springframework.security.web.authentication.UsernamePasswordAuthenticationFilter@4e4d0a0b, org.springframework.security.web.authentication.ui.DefaultLoginPageGeneratingFilter@241fc278, org.springframework.security.web.authentication.ui.DefaultLogoutPageGeneratingFilter@bd273b2, org.springframework.security.web.authentication.www.BasicAuthenticationFilter@7cd1ec54, org.springframework.security.web.savedrequest.RequestCacheAwareFilter@32e697ac, org.springframework.security.web.servletapi.SecurityContextHolderAwareRequestFilter@3866c96e, org.springframework.security.web.authentication.AnonymousAuthenticationFilter@78128dd0, org.springframework.security.web.session.SessionManagementFilter@4beae1e3, org.springframework.security.web.access.ExceptionTranslationFilter@45796b2a, org.springframework.security.web.access.intercept.FilterSecurityInterceptor@fcd0e8d]
2022-05-11 00:03:03.851  INFO 28360 --- [main] o.s.b.w.embedded.tomcat.TomcatWebServer  : Tomcat started on port(s): 8080 (http) with context path ''
2022-05-11 00:03:03.862  INFO 28360 --- [main] ru.kpfu.itis.hotel.HotelApplication      : Started HotelApplication in 5.213 seconds (JVM running for 6.241)
2022-05-11 00:03:09.350  INFO 28360 --- [http-nio-8080-exec-3] o.a.c.c.C.[Tomcat].[localhost].[/]       : Initializing Spring DispatcherServlet 'dispatcherServlet'
2022-05-11 00:03:09.350  INFO 28360 --- [http-nio-8080-exec-3] o.s.web.servlet.DispatcherServlet        : Initializing Servlet 'dispatcherServlet'
2022-05-11 00:03:09.352  INFO 28360 --- [http-nio-8080-exec-3] o.s.web.servlet.DispatcherServlet        : Completed initialization in 2 ms
2022-05-11 00:04:36.163  INFO 28360 --- [SpringApplicationShutdownHook] j.LocalContainerEntityManagerFactoryBean : Closing JPA EntityManagerFactory for persistence unit 'default'
2022-05-11 00:04:36.174  INFO 28360 --- [SpringApplicationShutdownHook] com.zaxxer.hikari.HikariDataSource       : HikariPool-1 - Shutdown initiated...
2022-05-11 00:04:36.203  INFO 28360 --- [SpringApplicationShutdownHook] com.zaxxer.hikari.HikariDataSource       : HikariPool-1 - Shutdown completed.
2022-05-11 00:04:43.848  INFO 27036 --- [main] ru.kpfu.itis.hotel.HotelApplication      : Starting HotelApplication using Java 1.8.0_302 on DESKTOP-C0BSHQ4 with PID 27036 (D:\stud sql\JAVA\Hotel\target\classes started by niazh in D:\stud sql\JAVA\Hotel)
2022-05-11 00:04:43.852  INFO 27036 --- [main] ru.kpfu.itis.hotel.HotelApplication      : No active profile set, falling back to 1 default profile: "default"
2022-05-11 00:04:44.489  INFO 27036 --- [main] .s.d.r.c.RepositoryConfigurationDelegate : Bootstrapping Spring Data JPA repositories in DEFAULT mode.
2022-05-11 00:04:44.547  INFO 27036 --- [main] .s.d.r.c.RepositoryConfigurationDelegate : Finished Spring Data repository scanning in 49 ms. Found 4 JPA repository interfaces.
2022-05-11 00:04:45.453  INFO 27036 --- [main] o.s.b.w.embedded.tomcat.TomcatWebServer  : Tomcat initialized with port(s): 8080 (http)
2022-05-11 00:04:45.464  INFO 27036 --- [main] o.apache.catalina.core.StandardService   : Starting service [Tomcat]
2022-05-11 00:04:45.464  INFO 27036 --- [main] org.apache.catalina.core.StandardEngine  : Starting Servlet engine: [Apache Tomcat/9.0.62]
2022-05-11 00:04:45.584  INFO 27036 --- [main] o.a.c.c.C.[Tomcat].[localhost].[/]       : Initializing Spring embedded WebApplicationContext
2022-05-11 00:04:45.585  INFO 27036 --- [main] w.s.c.ServletWebServerApplicationContext : Root WebApplicationContext: initialization completed in 1686 ms
2022-05-11 00:04:45.706  INFO 27036 --- [main] com.zaxxer.hikari.HikariDataSource       : HikariPool-1 - Starting...
2022-05-11 00:04:46.020  INFO 27036 --- [main] com.zaxxer.hikari.HikariDataSource       : HikariPool-1 - Start completed.
2022-05-11 00:04:46.088  INFO 27036 --- [main] o.hibernate.jpa.internal.util.LogHelper  : HHH000204: Processing PersistenceUnitInfo [name: default]
2022-05-11 00:04:46.132  INFO 27036 --- [main] org.hibernate.Version                    : HHH000412: Hibernate ORM core version 5.6.8.Final
2022-05-11 00:04:46.288  INFO 27036 --- [main] o.hibernate.annotations.common.Version   : HCANN000001: Hibernate Commons Annotations {5.1.2.Final}
2022-05-11 00:04:46.398  INFO 27036 --- [main] org.hibernate.dialect.Dialect            : HHH000400: Using dialect: org.hibernate.dialect.PostgreSQLDialect
2022-05-11 00:04:47.313  INFO 27036 --- [main] o.h.e.t.j.p.i.JtaPlatformInitiator       : HHH000490: Using JtaPlatform implementation: [org.hibernate.engine.transaction.jta.platform.internal.NoJtaPlatform]
2022-05-11 00:04:47.323  INFO 27036 --- [main] j.LocalContainerEntityManagerFactoryBean : Initialized JPA EntityManagerFactory for persistence unit 'default'
2022-05-11 00:04:47.929  WARN 27036 --- [main] JpaBaseConfiguration$JpaWebConfiguration : spring.jpa.open-in-view is enabled by default. Therefore, database queries may be performed during view rendering. Explicitly configure spring.jpa.open-in-view to disable this warning
2022-05-11 00:04:48.174  INFO 27036 --- [main] o.s.s.web.DefaultSecurityFilterChain     : Will secure Ant [pattern='/auth/**'] with [org.springframework.security.web.context.request.async.WebAsyncManagerIntegrationFilter@1c2dd89b, org.springframework.security.web.context.SecurityContextPersistenceFilter@54b44879, org.springframework.security.web.header.HeaderWriterFilter@74a85515, org.springframework.security.web.csrf.CsrfFilter@27d98bef, org.springframework.security.web.authentication.logout.LogoutFilter@7d28cdcd, ru.kpfu.itis.hotel.security.ouath.VkOAuthAuthenticationFilter@41fc0084, org.springframework.security.web.savedrequest.RequestCacheAwareFilter@29c1249a, org.springframework.security.web.servletapi.SecurityContextHolderAwareRequestFilter@4c5f7b4f, org.springframework.security.web.authentication.AnonymousAuthenticationFilter@3ad847f8, org.springframework.security.web.session.SessionManagementFilter@3dfe92ef, org.springframework.security.web.access.ExceptionTranslationFilter@674184d, org.springframework.security.web.access.intercept.FilterSecurityInterceptor@6ba060af]
2022-05-11 00:04:48.190  INFO 27036 --- [main] o.s.s.web.DefaultSecurityFilterChain     : Will secure any request with [org.springframework.security.web.context.request.async.WebAsyncManagerIntegrationFilter@5731caaf, org.springframework.security.web.context.SecurityContextPersistenceFilter@33ebe4f0, org.springframework.security.web.header.HeaderWriterFilter@75ed7512, org.springframework.security.web.csrf.CsrfFilter@5b665a30, org.springframework.security.web.authentication.logout.LogoutFilter@33e50ff2, org.springframework.security.web.authentication.UsernamePasswordAuthenticationFilter@138a85d3, org.springframework.security.web.savedrequest.RequestCacheAwareFilter@37cfda1c, org.springframework.security.web.servletapi.SecurityContextHolderAwareRequestFilter@29147c12, org.springframework.security.web.authentication.rememberme.RememberMeAuthenticationFilter@ce655b9, org.springframework.security.web.authentication.AnonymousAuthenticationFilter@59933644, org.springframework.security.web.session.SessionManagementFilter@5ab5924c, org.springframework.security.web.access.ExceptionTranslationFilter@26a45089, org.springframework.security.web.access.intercept.FilterSecurityInterceptor@7a2a7492]
2022-05-11 00:04:48.202  INFO 27036 --- [main] o.s.s.web.DefaultSecurityFilterChain     : Will secure any request with [org.springframework.security.web.context.request.async.WebAsyncManagerIntegrationFilter@2bb0e277, org.springframework.security.web.context.SecurityContextPersistenceFilter@eded048, org.springframework.security.web.header.HeaderWriterFilter@5aab5b31, org.springframework.security.web.csrf.CsrfFilter@241fc278, org.springframework.security.web.authentication.logout.LogoutFilter@23f5008a, org.springframework.security.web.authentication.UsernamePasswordAuthenticationFilter@6d420cdd, org.springframework.security.web.authentication.ui.DefaultLoginPageGeneratingFilter@77e9dca8, org.springframework.security.web.authentication.ui.DefaultLogoutPageGeneratingFilter@6f24ce45, org.springframework.security.web.authentication.www.BasicAuthenticationFilter@300a38e7, org.springframework.security.web.savedrequest.RequestCacheAwareFilter@65a48cab, org.springframework.security.web.servletapi.SecurityContextHolderAwareRequestFilter@655621fd, org.springframework.security.web.authentication.AnonymousAuthenticationFilter@e881e46, org.springframework.security.web.session.SessionManagementFilter@5408d4b3, org.springframework.security.web.access.ExceptionTranslationFilter@5c76fce4, org.springframework.security.web.access.intercept.FilterSecurityInterceptor@77ab5214]
2022-05-11 00:04:48.718  INFO 27036 --- [main] o.s.b.w.embedded.tomcat.TomcatWebServer  : Tomcat started on port(s): 8080 (http) with context path ''
2022-05-11 00:04:48.852  INFO 27036 --- [main] ru.kpfu.itis.hotel.HotelApplication      : Started HotelApplication in 5.531 seconds (JVM running for 6.656)
2022-05-11 00:04:54.735  INFO 27036 --- [http-nio-8080-exec-2] o.a.c.c.C.[Tomcat].[localhost].[/]       : Initializing Spring DispatcherServlet 'dispatcherServlet'
2022-05-11 00:04:54.736  INFO 27036 --- [http-nio-8080-exec-2] o.s.web.servlet.DispatcherServlet        : Initializing Servlet 'dispatcherServlet'
2022-05-11 00:04:54.738  INFO 27036 --- [http-nio-8080-exec-2] o.s.web.servlet.DispatcherServlet        : Completed initialization in 2 ms
2022-05-11 00:07:41.097  INFO 27036 --- [SpringApplicationShutdownHook] j.LocalContainerEntityManagerFactoryBean : Closing JPA EntityManagerFactory for persistence unit 'default'
2022-05-11 00:07:41.100  INFO 27036 --- [SpringApplicationShutdownHook] com.zaxxer.hikari.HikariDataSource       : HikariPool-1 - Shutdown initiated...
2022-05-11 00:07:41.104  INFO 27036 --- [SpringApplicationShutdownHook] com.zaxxer.hikari.HikariDataSource       : HikariPool-1 - Shutdown completed.
2022-05-11 00:07:47.351  INFO 7716 --- [main] ru.kpfu.itis.hotel.HotelApplication      : Starting HotelApplication using Java 1.8.0_302 on DESKTOP-C0BSHQ4 with PID 7716 (D:\stud sql\JAVA\Hotel\target\classes started by niazh in D:\stud sql\JAVA\Hotel)
2022-05-11 00:07:47.354  INFO 7716 --- [main] ru.kpfu.itis.hotel.HotelApplication      : No active profile set, falling back to 1 default profile: "default"
2022-05-11 00:07:48.295  INFO 7716 --- [main] .s.d.r.c.RepositoryConfigurationDelegate : Bootstrapping Spring Data JPA repositories in DEFAULT mode.
2022-05-11 00:07:48.395  INFO 7716 --- [main] .s.d.r.c.RepositoryConfigurationDelegate : Finished Spring Data repository scanning in 80 ms. Found 4 JPA repository interfaces.
2022-05-11 00:07:49.303  INFO 7716 --- [main] o.s.b.w.embedded.tomcat.TomcatWebServer  : Tomcat initialized with port(s): 8080 (http)
2022-05-11 00:07:49.313  INFO 7716 --- [main] o.apache.catalina.core.StandardService   : Starting service [Tomcat]
2022-05-11 00:07:49.313  INFO 7716 --- [main] org.apache.catalina.core.StandardEngine  : Starting Servlet engine: [Apache Tomcat/9.0.62]
2022-05-11 00:07:49.449  INFO 7716 --- [main] o.a.c.c.C.[Tomcat].[localhost].[/]       : Initializing Spring embedded WebApplicationContext
2022-05-11 00:07:49.449  INFO 7716 --- [main] w.s.c.ServletWebServerApplicationContext : Root WebApplicationContext: initialization completed in 2022 ms
2022-05-11 00:07:49.555  INFO 7716 --- [main] com.zaxxer.hikari.HikariDataSource       : HikariPool-1 - Starting...
2022-05-11 00:07:49.760  INFO 7716 --- [main] com.zaxxer.hikari.HikariDataSource       : HikariPool-1 - Start completed.
2022-05-11 00:07:49.828  INFO 7716 --- [main] o.hibernate.jpa.internal.util.LogHelper  : HHH000204: Processing PersistenceUnitInfo [name: default]
2022-05-11 00:07:49.870  INFO 7716 --- [main] org.hibernate.Version                    : HHH000412: Hibernate ORM core version 5.6.8.Final
2022-05-11 00:07:50.015  INFO 7716 --- [main] o.hibernate.annotations.common.Version   : HCANN000001: Hibernate Commons Annotations {5.1.2.Final}
2022-05-11 00:07:50.133  INFO 7716 --- [main] org.hibernate.dialect.Dialect            : HHH000400: Using dialect: org.hibernate.dialect.PostgreSQLDialect
2022-05-11 00:07:51.139  INFO 7716 --- [main] o.h.e.t.j.p.i.JtaPlatformInitiator       : HHH000490: Using JtaPlatform implementation: [org.hibernate.engine.transaction.jta.platform.internal.NoJtaPlatform]
2022-05-11 00:07:51.149  INFO 7716 --- [main] j.LocalContainerEntityManagerFactoryBean : Initialized JPA EntityManagerFactory for persistence unit 'default'
2022-05-11 00:07:51.723  WARN 7716 --- [main] JpaBaseConfiguration$JpaWebConfiguration : spring.jpa.open-in-view is enabled by default. Therefore, database queries may be performed during view rendering. Explicitly configure spring.jpa.open-in-view to disable this warning
2022-05-11 00:07:51.975  INFO 7716 --- [main] o.s.s.web.DefaultSecurityFilterChain     : Will secure Ant [pattern='/auth/**'] with [org.springframework.security.web.context.request.async.WebAsyncManagerIntegrationFilter@ec5f944, org.springframework.security.web.context.SecurityContextPersistenceFilter@78288f83, org.springframework.security.web.header.HeaderWriterFilter@6f986501, org.springframework.security.web.csrf.CsrfFilter@774f2992, org.springframework.security.web.authentication.logout.LogoutFilter@255ed8e4, ru.kpfu.itis.hotel.security.ouath.VkOAuthAuthenticationFilter@3ec9f8d, org.springframework.security.web.savedrequest.RequestCacheAwareFilter@5beb6be2, org.springframework.security.web.servletapi.SecurityContextHolderAwareRequestFilter@4b544732, org.springframework.security.web.authentication.AnonymousAuthenticationFilter@5b4954b2, org.springframework.security.web.session.SessionManagementFilter@22ca1242, org.springframework.security.web.access.ExceptionTranslationFilter@1d2def55, org.springframework.security.web.access.intercept.FilterSecurityInterceptor@5817f1ca]
2022-05-11 00:07:51.989  INFO 7716 --- [main] o.s.s.web.DefaultSecurityFilterChain     : Will secure any request with [org.springframework.security.web.context.request.async.WebAsyncManagerIntegrationFilter@45796b2a, org.springframework.security.web.context.SecurityContextPersistenceFilter@7a2a7492, org.springframework.security.web.header.HeaderWriterFilter@21e484b, org.springframework.security.web.csrf.CsrfFilter@7ab33ca8, org.springframework.security.web.authentication.logout.LogoutFilter@59baf2c7, org.springframework.security.web.authentication.UsernamePasswordAuthenticationFilter@5ad57e90, org.springframework.security.web.savedrequest.RequestCacheAwareFilter@6326c5ec, org.springframework.security.web.servletapi.SecurityContextHolderAwareRequestFilter@138a85d3, org.springframework.security.web.authentication.rememberme.RememberMeAuthenticationFilter@c318864, org.springframework.security.web.authentication.AnonymousAuthenticationFilter@4b98225c, org.springframework.security.web.session.SessionManagementFilter@191f4d65, org.springframework.security.web.access.ExceptionTranslationFilter@704d3b00, org.springframework.security.web.access.intercept.FilterSecurityInterceptor@67e6eb52]
2022-05-11 00:07:52.001  INFO 7716 --- [main] o.s.s.web.DefaultSecurityFilterChain     : Will secure any request with [org.springframework.security.web.context.request.async.WebAsyncManagerIntegrationFilter@34549979, org.springframework.security.web.context.SecurityContextPersistenceFilter@62108cd3, org.springframework.security.web.header.HeaderWriterFilter@23f5008a, org.springframework.security.web.csrf.CsrfFilter@4e4d0a0b, org.springframework.security.web.authentication.logout.LogoutFilter@28dd81ad, org.springframework.security.web.authentication.UsernamePasswordAuthenticationFilter@e881e46, org.springframework.security.web.authentication.ui.DefaultLoginPageGeneratingFilter@6d420cdd, org.springframework.security.web.authentication.ui.DefaultLogoutPageGeneratingFilter@144a5e6e, org.springframework.security.web.authentication.www.BasicAuthenticationFilter@d66502, org.springframework.security.web.savedrequest.RequestCacheAwareFilter@7cd1ec54, org.springframework.security.web.servletapi.SecurityContextHolderAwareRequestFilter@77ab5214, org.springframework.security.web.authentication.AnonymousAuthenticationFilter@2707c790, org.springframework.security.web.session.SessionManagementFilter@44abdb1f, org.springframework.security.web.access.ExceptionTranslationFilter@1a4083f6, org.springframework.security.web.access.intercept.FilterSecurityInterceptor@6f24ce45]
2022-05-11 00:07:52.636  INFO 7716 --- [main] o.s.b.w.embedded.tomcat.TomcatWebServer  : Tomcat started on port(s): 8080 (http) with context path ''
2022-05-11 00:07:52.647  INFO 7716 --- [main] ru.kpfu.itis.hotel.HotelApplication      : Started HotelApplication in 5.888 seconds (JVM running for 7.156)
2022-05-11 00:07:59.755  INFO 7716 --- [http-nio-8080-exec-1] o.a.c.c.C.[Tomcat].[localhost].[/]       : Initializing Spring DispatcherServlet 'dispatcherServlet'
2022-05-11 00:07:59.755  INFO 7716 --- [http-nio-8080-exec-1] o.s.web.servlet.DispatcherServlet        : Initializing Servlet 'dispatcherServlet'
2022-05-11 00:07:59.756  INFO 7716 --- [http-nio-8080-exec-1] o.s.web.servlet.DispatcherServlet        : Completed initialization in 1 ms
2022-05-11 00:08:32.454  INFO 7716 --- [SpringApplicationShutdownHook] j.LocalContainerEntityManagerFactoryBean : Closing JPA EntityManagerFactory for persistence unit 'default'
2022-05-11 00:08:32.457  INFO 7716 --- [SpringApplicationShutdownHook] com.zaxxer.hikari.HikariDataSource       : HikariPool-1 - Shutdown initiated...
2022-05-11 00:08:32.470  INFO 7716 --- [SpringApplicationShutdownHook] com.zaxxer.hikari.HikariDataSource       : HikariPool-1 - Shutdown completed.
2022-05-11 00:08:38.524  INFO 17708 --- [main] ru.kpfu.itis.hotel.HotelApplication      : Starting HotelApplication using Java 1.8.0_302 on DESKTOP-C0BSHQ4 with PID 17708 (D:\stud sql\JAVA\Hotel\target\classes started by niazh in D:\stud sql\JAVA\Hotel)
2022-05-11 00:08:38.528  INFO 17708 --- [main] ru.kpfu.itis.hotel.HotelApplication      : No active profile set, falling back to 1 default profile: "default"
2022-05-11 00:08:39.158  INFO 17708 --- [main] .s.d.r.c.RepositoryConfigurationDelegate : Bootstrapping Spring Data JPA repositories in DEFAULT mode.
2022-05-11 00:08:39.217  INFO 17708 --- [main] .s.d.r.c.RepositoryConfigurationDelegate : Finished Spring Data repository scanning in 48 ms. Found 4 JPA repository interfaces.
2022-05-11 00:08:40.159  INFO 17708 --- [main] o.s.b.w.embedded.tomcat.TomcatWebServer  : Tomcat initialized with port(s): 8080 (http)
2022-05-11 00:08:40.169  INFO 17708 --- [main] o.apache.catalina.core.StandardService   : Starting service [Tomcat]
2022-05-11 00:08:40.170  INFO 17708 --- [main] org.apache.catalina.core.StandardEngine  : Starting Servlet engine: [Apache Tomcat/9.0.62]
2022-05-11 00:08:40.299  INFO 17708 --- [main] o.a.c.c.C.[Tomcat].[localhost].[/]       : Initializing Spring embedded WebApplicationContext
2022-05-11 00:08:40.300  INFO 17708 --- [main] w.s.c.ServletWebServerApplicationContext : Root WebApplicationContext: initialization completed in 1723 ms
2022-05-11 00:08:40.399  INFO 17708 --- [main] com.zaxxer.hikari.HikariDataSource       : HikariPool-1 - Starting...
2022-05-11 00:08:40.595  INFO 17708 --- [main] com.zaxxer.hikari.HikariDataSource       : HikariPool-1 - Start completed.
2022-05-11 00:08:40.660  INFO 17708 --- [main] o.hibernate.jpa.internal.util.LogHelper  : HHH000204: Processing PersistenceUnitInfo [name: default]
2022-05-11 00:08:40.705  INFO 17708 --- [main] org.hibernate.Version                    : HHH000412: Hibernate ORM core version 5.6.8.Final
2022-05-11 00:08:40.847  INFO 17708 --- [main] o.hibernate.annotations.common.Version   : HCANN000001: Hibernate Commons Annotations {5.1.2.Final}
2022-05-11 00:08:40.953  INFO 17708 --- [main] org.hibernate.dialect.Dialect            : HHH000400: Using dialect: org.hibernate.dialect.PostgreSQLDialect
2022-05-11 00:08:41.884  INFO 17708 --- [main] o.h.e.t.j.p.i.JtaPlatformInitiator       : HHH000490: Using JtaPlatform implementation: [org.hibernate.engine.transaction.jta.platform.internal.NoJtaPlatform]
2022-05-11 00:08:41.896  INFO 17708 --- [main] j.LocalContainerEntityManagerFactoryBean : Initialized JPA EntityManagerFactory for persistence unit 'default'
2022-05-11 00:08:42.522  WARN 17708 --- [main] JpaBaseConfiguration$JpaWebConfiguration : spring.jpa.open-in-view is enabled by default. Therefore, database queries may be performed during view rendering. Explicitly configure spring.jpa.open-in-view to disable this warning
2022-05-11 00:08:42.777  INFO 17708 --- [main] o.s.s.web.DefaultSecurityFilterChain     : Will secure Ant [pattern='/auth/**'] with [org.springframework.security.web.context.request.async.WebAsyncManagerIntegrationFilter@16b64a03, org.springframework.security.web.context.SecurityContextPersistenceFilter@4a2e1e52, org.springframework.security.web.header.HeaderWriterFilter@3611153f, org.springframework.security.web.csrf.CsrfFilter@58b97c15, org.springframework.security.web.authentication.logout.LogoutFilter@6d8b7ea9, ru.kpfu.itis.hotel.security.ouath.VkOAuthAuthenticationFilter@23648d2d, org.springframework.security.web.savedrequest.RequestCacheAwareFilter@2b9b17ce, org.springframework.security.web.servletapi.SecurityContextHolderAwareRequestFilter@15d88c10, org.springframework.security.web.authentication.AnonymousAuthenticationFilter@1584c019, org.springframework.security.web.session.SessionManagementFilter@5238896f, org.springframework.security.web.access.ExceptionTranslationFilter@2712e8f4, org.springframework.security.web.access.intercept.FilterSecurityInterceptor@7dd45c93]
2022-05-11 00:08:42.793  INFO 17708 --- [main] o.s.s.web.DefaultSecurityFilterChain     : Will secure any request with [org.springframework.security.web.context.request.async.WebAsyncManagerIntegrationFilter@704d3b00, org.springframework.security.web.context.SecurityContextPersistenceFilter@283d3628, org.springframework.security.web.header.HeaderWriterFilter@7d1f3fe9, org.springframework.security.web.csrf.CsrfFilter@57416e49, org.springframework.security.web.authentication.logout.LogoutFilter@7b451bf4, org.springframework.security.web.authentication.UsernamePasswordAuthenticationFilter@37cfda1c, org.springframework.security.web.savedrequest.RequestCacheAwareFilter@5b3518e1, org.springframework.security.web.servletapi.SecurityContextHolderAwareRequestFilter@5fd18419, org.springframework.security.web.authentication.rememberme.RememberMeAuthenticationFilter@33e50ff2, org.springframework.security.web.authentication.AnonymousAuthenticationFilter@21e484b, org.springframework.security.web.session.SessionManagementFilter@74d22ddd, org.springframework.security.web.access.ExceptionTranslationFilter@2e7bb00e, org.springframework.security.web.access.intercept.FilterSecurityInterceptor@5ab5924c]
2022-05-11 00:08:42.804  INFO 17708 --- [main] o.s.s.web.DefaultSecurityFilterChain     : Will secure any request with [org.springframework.security.web.context.request.async.WebAsyncManagerIntegrationFilter@62108cd3, org.springframework.security.web.context.SecurityContextPersistenceFilter@45796b2a, org.springframework.security.web.header.HeaderWriterFilter@c318864, org.springframework.security.web.csrf.CsrfFilter@1a345298, org.springframework.security.web.authentication.logout.LogoutFilter@5c76fce4, org.springframework.security.web.authentication.UsernamePasswordAuthenticationFilter@655621fd, org.springframework.security.web.authentication.ui.DefaultLoginPageGeneratingFilter@3c488b34, org.springframework.security.web.authentication.ui.DefaultLogoutPageGeneratingFilter@7cd1ec54, org.springframework.security.web.authentication.www.BasicAuthenticationFilter@23f5008a, org.springframework.security.web.savedrequest.RequestCacheAwareFilter@4b98225c, org.springframework.security.web.servletapi.SecurityContextHolderAwareRequestFilter@4beae1e3, org.springframework.security.web.authentication.AnonymousAuthenticationFilter@77ab5214, org.springframework.security.web.session.SessionManagementFilter@7d61468c, org.springframework.security.web.access.ExceptionTranslationFilter@4ad896f7, org.springframework.security.web.access.intercept.FilterSecurityInterceptor@65a48cab]
2022-05-11 00:08:43.454  INFO 17708 --- [main] o.s.b.w.embedded.tomcat.TomcatWebServer  : Tomcat started on port(s): 8080 (http) with context path ''
2022-05-11 00:08:43.465  INFO 17708 --- [main] ru.kpfu.itis.hotel.HotelApplication      : Started HotelApplication in 5.467 seconds (JVM running for 6.536)
2022-05-11 00:08:44.078  INFO 17708 --- [http-nio-8080-exec-1] o.a.c.c.C.[Tomcat].[localhost].[/]       : Initializing Spring DispatcherServlet 'dispatcherServlet'
2022-05-11 00:08:44.079  INFO 17708 --- [http-nio-8080-exec-1] o.s.web.servlet.DispatcherServlet        : Initializing Servlet 'dispatcherServlet'
2022-05-11 00:08:44.080  INFO 17708 --- [http-nio-8080-exec-1] o.s.web.servlet.DispatcherServlet        : Completed initialization in 1 ms
2022-05-11 00:09:00.478  INFO 17708 --- [SpringApplicationShutdownHook] j.LocalContainerEntityManagerFactoryBean : Closing JPA EntityManagerFactory for persistence unit 'default'
2022-05-11 00:09:00.479  INFO 17708 --- [SpringApplicationShutdownHook] com.zaxxer.hikari.HikariDataSource       : HikariPool-1 - Shutdown initiated...
2022-05-11 00:09:00.482  INFO 17708 --- [SpringApplicationShutdownHook] com.zaxxer.hikari.HikariDataSource       : HikariPool-1 - Shutdown completed.
2022-05-11 00:09:07.058  INFO 28324 --- [main] ru.kpfu.itis.hotel.HotelApplication      : Starting HotelApplication using Java 1.8.0_302 on DESKTOP-C0BSHQ4 with PID 28324 (D:\stud sql\JAVA\Hotel\target\classes started by niazh in D:\stud sql\JAVA\Hotel)
2022-05-11 00:09:07.061  INFO 28324 --- [main] ru.kpfu.itis.hotel.HotelApplication      : No active profile set, falling back to 1 default profile: "default"
2022-05-11 00:09:07.688  INFO 28324 --- [main] .s.d.r.c.RepositoryConfigurationDelegate : Bootstrapping Spring Data JPA repositories in DEFAULT mode.
2022-05-11 00:09:07.744  INFO 28324 --- [main] .s.d.r.c.RepositoryConfigurationDelegate : Finished Spring Data repository scanning in 47 ms. Found 4 JPA repository interfaces.
2022-05-11 00:09:08.518  INFO 28324 --- [main] o.s.b.w.embedded.tomcat.TomcatWebServer  : Tomcat initialized with port(s): 8080 (http)
2022-05-11 00:09:08.527  INFO 28324 --- [main] o.apache.catalina.core.StandardService   : Starting service [Tomcat]
2022-05-11 00:09:08.527  INFO 28324 --- [main] org.apache.catalina.core.StandardEngine  : Starting Servlet engine: [Apache Tomcat/9.0.62]
2022-05-11 00:09:08.657  INFO 28324 --- [main] o.a.c.c.C.[Tomcat].[localhost].[/]       : Initializing Spring embedded WebApplicationContext
2022-05-11 00:09:08.658  INFO 28324 --- [main] w.s.c.ServletWebServerApplicationContext : Root WebApplicationContext: initialization completed in 1554 ms
2022-05-11 00:09:08.753  INFO 28324 --- [main] com.zaxxer.hikari.HikariDataSource       : HikariPool-1 - Starting...
2022-05-11 00:09:09.055  INFO 28324 --- [main] com.zaxxer.hikari.HikariDataSource       : HikariPool-1 - Start completed.
2022-05-11 00:09:09.121  INFO 28324 --- [main] o.hibernate.jpa.internal.util.LogHelper  : HHH000204: Processing PersistenceUnitInfo [name: default]
2022-05-11 00:09:09.164  INFO 28324 --- [main] org.hibernate.Version                    : HHH000412: Hibernate ORM core version 5.6.8.Final
2022-05-11 00:09:09.291  INFO 28324 --- [main] o.hibernate.annotations.common.Version   : HCANN000001: Hibernate Commons Annotations {5.1.2.Final}
2022-05-11 00:09:09.390  INFO 28324 --- [main] org.hibernate.dialect.Dialect            : HHH000400: Using dialect: org.hibernate.dialect.PostgreSQLDialect
2022-05-11 00:09:10.190  INFO 28324 --- [main] o.h.e.t.j.p.i.JtaPlatformInitiator       : HHH000490: Using JtaPlatform implementation: [org.hibernate.engine.transaction.jta.platform.internal.NoJtaPlatform]
2022-05-11 00:09:10.199  INFO 28324 --- [main] j.LocalContainerEntityManagerFactoryBean : Initialized JPA EntityManagerFactory for persistence unit 'default'
2022-05-11 00:09:10.764  WARN 28324 --- [main] JpaBaseConfiguration$JpaWebConfiguration : spring.jpa.open-in-view is enabled by default. Therefore, database queries may be performed during view rendering. Explicitly configure spring.jpa.open-in-view to disable this warning
2022-05-11 00:09:10.996  INFO 28324 --- [main] o.s.s.web.DefaultSecurityFilterChain     : Will secure Ant [pattern='/auth/**'] with [org.springframework.security.web.context.request.async.WebAsyncManagerIntegrationFilter@53ba1175, org.springframework.security.web.context.SecurityContextPersistenceFilter@5835e24a, org.springframework.security.web.header.HeaderWriterFilter@5896cb9c, org.springframework.security.web.csrf.CsrfFilter@6e321d9d, org.springframework.security.web.authentication.logout.LogoutFilter@4c5f7b4f, ru.kpfu.itis.hotel.security.ouath.VkOAuthAuthenticationFilter@1cee2e10, org.springframework.security.web.savedrequest.RequestCacheAwareFilter@74a85515, org.springframework.security.web.servletapi.SecurityContextHolderAwareRequestFilter@6eeb29c0, org.springframework.security.web.authentication.AnonymousAuthenticationFilter@cd5ff55, org.springframework.security.web.session.SessionManagementFilter@674184d, org.springframework.security.web.access.ExceptionTranslationFilter@149d7cc6, org.springframework.security.web.access.intercept.FilterSecurityInterceptor@5d92e8e2]
2022-05-11 00:09:11.010  INFO 28324 --- [main] o.s.s.web.DefaultSecurityFilterChain     : Will secure any request with [org.springframework.security.web.context.request.async.WebAsyncManagerIntegrationFilter@5f45bc8e, org.springframework.security.web.context.SecurityContextPersistenceFilter@2e7bb00e, org.springframework.security.web.header.HeaderWriterFilter@5c8ab9de, org.springframework.security.web.csrf.CsrfFilter@bfe47a8, org.springframework.security.web.authentication.logout.LogoutFilter@5b3518e1, org.springframework.security.web.authentication.UsernamePasswordAuthenticationFilter@75ed7512, org.springframework.security.web.savedrequest.RequestCacheAwareFilter@7d1f3fe9, org.springframework.security.web.servletapi.SecurityContextHolderAwareRequestFilter@74d22ddd, org.springframework.security.web.authentication.rememberme.RememberMeAuthenticationFilter@37cfda1c, org.springframework.security.web.authentication.AnonymousAuthenticationFilter@33e50ff2, org.springframework.security.web.session.SessionManagementFilter@57416e49, org.springframework.security.web.access.ExceptionTranslationFilter@2f1f9515, org.springframework.security.web.access.intercept.FilterSecurityInterceptor@5b665a30]
2022-05-11 00:09:11.023  INFO 28324 --- [main] o.s.s.web.DefaultSecurityFilterChain     : Will secure any request with [org.springframework.security.web.context.request.async.WebAsyncManagerIntegrationFilter@77ab5214, org.springframework.security.web.context.SecurityContextPersistenceFilter@4ad896f7, org.springframework.security.web.header.HeaderWriterFilter@5ad57e90, org.springframework.security.web.csrf.CsrfFilter@67e6eb52, org.springframework.security.web.authentication.logout.LogoutFilter@32e697ac, org.springframework.security.web.authentication.UsernamePasswordAuthenticationFilter@5408d4b3, org.springframework.security.web.authentication.ui.DefaultLoginPageGeneratingFilter@45796b2a, org.springframework.security.web.authentication.ui.DefaultLogoutPageGeneratingFilter@6d420cdd, org.springframework.security.web.authentication.www.BasicAuthenticationFilter@fcd0e8d, org.springframework.security.web.savedrequest.RequestCacheAwareFilter@c318864, org.springframework.security.web.servletapi.SecurityContextHolderAwareRequestFilter@7d61468c, org.springframework.security.web.authentication.AnonymousAuthenticationFilter@bd273b2, org.springframework.security.web.session.SessionManagementFilter@1a345298, org.springframework.security.web.access.ExceptionTranslationFilter@3e8b8f0, org.springframework.security.web.access.intercept.FilterSecurityInterceptor@5aab5b31]
2022-05-11 00:09:11.664  INFO 28324 --- [main] o.s.b.w.embedded.tomcat.TomcatWebServer  : Tomcat started on port(s): 8080 (http) with context path ''
2022-05-11 00:09:11.675  INFO 28324 --- [main] ru.kpfu.itis.hotel.HotelApplication      : Started HotelApplication in 5.141 seconds (JVM running for 6.165)
2022-05-11 00:09:28.211  INFO 28324 --- [http-nio-8080-exec-1] o.a.c.c.C.[Tomcat].[localhost].[/]       : Initializing Spring DispatcherServlet 'dispatcherServlet'
2022-05-11 00:09:28.211  INFO 28324 --- [http-nio-8080-exec-1] o.s.web.servlet.DispatcherServlet        : Initializing Servlet 'dispatcherServlet'
2022-05-11 00:09:28.212  INFO 28324 --- [http-nio-8080-exec-1] o.s.web.servlet.DispatcherServlet        : Completed initialization in 1 ms
2022-05-11 00:38:34.673  INFO 9756 --- [main] ru.kpfu.itis.hotel.HotelApplication      : Starting HotelApplication using Java 1.8.0_302 on DESKTOP-C0BSHQ4 with PID 9756 (D:\stud sql\JAVA\Hotel\target\classes started by niazh in D:\stud sql\JAVA\Hotel)
2022-05-11 00:38:34.677  INFO 9756 --- [main] ru.kpfu.itis.hotel.HotelApplication      : No active profile set, falling back to 1 default profile: "default"
2022-05-11 00:38:35.362  INFO 9756 --- [main] .s.d.r.c.RepositoryConfigurationDelegate : Bootstrapping Spring Data JPA repositories in DEFAULT mode.
2022-05-11 00:38:35.420  INFO 9756 --- [main] .s.d.r.c.RepositoryConfigurationDelegate : Finished Spring Data repository scanning in 47 ms. Found 4 JPA repository interfaces.
2022-05-11 00:38:36.187  INFO 9756 --- [main] o.s.b.w.embedded.tomcat.TomcatWebServer  : Tomcat initialized with port(s): 8080 (http)
2022-05-11 00:38:36.196  INFO 9756 --- [main] o.apache.catalina.core.StandardService   : Starting service [Tomcat]
2022-05-11 00:38:36.196  INFO 9756 --- [main] org.apache.catalina.core.StandardEngine  : Starting Servlet engine: [Apache Tomcat/9.0.62]
2022-05-11 00:38:36.327  INFO 9756 --- [main] o.a.c.c.C.[Tomcat].[localhost].[/]       : Initializing Spring embedded WebApplicationContext
2022-05-11 00:38:36.327  INFO 9756 --- [main] w.s.c.ServletWebServerApplicationContext : Root WebApplicationContext: initialization completed in 1599 ms
2022-05-11 00:38:36.427  INFO 9756 --- [main] com.zaxxer.hikari.HikariDataSource       : HikariPool-1 - Starting...
2022-05-11 00:38:36.623  INFO 9756 --- [main] com.zaxxer.hikari.HikariDataSource       : HikariPool-1 - Start completed.
2022-05-11 00:38:36.690  INFO 9756 --- [main] o.hibernate.jpa.internal.util.LogHelper  : HHH000204: Processing PersistenceUnitInfo [name: default]
2022-05-11 00:38:36.732  INFO 9756 --- [main] org.hibernate.Version                    : HHH000412: Hibernate ORM core version 5.6.8.Final
2022-05-11 00:38:36.872  INFO 9756 --- [main] o.hibernate.annotations.common.Version   : HCANN000001: Hibernate Commons Annotations {5.1.2.Final}
2022-05-11 00:38:36.978  INFO 9756 --- [main] org.hibernate.dialect.Dialect            : HHH000400: Using dialect: org.hibernate.dialect.PostgreSQLDialect
2022-05-11 00:38:37.763  INFO 9756 --- [main] o.h.e.t.j.p.i.JtaPlatformInitiator       : HHH000490: Using JtaPlatform implementation: [org.hibernate.engine.transaction.jta.platform.internal.NoJtaPlatform]
2022-05-11 00:38:37.773  INFO 9756 --- [main] j.LocalContainerEntityManagerFactoryBean : Initialized JPA EntityManagerFactory for persistence unit 'default'
2022-05-11 00:38:38.349  WARN 9756 --- [main] JpaBaseConfiguration$JpaWebConfiguration : spring.jpa.open-in-view is enabled by default. Therefore, database queries may be performed during view rendering. Explicitly configure spring.jpa.open-in-view to disable this warning
2022-05-11 00:38:38.580  INFO 9756 --- [main] o.s.s.web.DefaultSecurityFilterChain     : Will secure Ant [pattern='/auth/**'] with [org.springframework.security.web.context.request.async.WebAsyncManagerIntegrationFilter@72110818, org.springframework.security.web.context.SecurityContextPersistenceFilter@5bb7a59, org.springframework.security.web.header.HeaderWriterFilter@12209826, org.springframework.security.web.csrf.CsrfFilter@7db791df, org.springframework.security.web.authentication.logout.LogoutFilter@602298b, ru.kpfu.itis.hotel.security.ouath.VkOAuthAuthenticationFilter@69feb4d9, org.springframework.security.web.savedrequest.RequestCacheAwareFilter@2a2b7a35, org.springframework.security.web.servletapi.SecurityContextHolderAwareRequestFilter@ee2ae9a, org.springframework.security.web.authentication.AnonymousAuthenticationFilter@6eabe718, org.springframework.security.web.session.SessionManagementFilter@3a5b7d7e, org.springframework.security.web.access.ExceptionTranslationFilter@176333ee, org.springframework.security.web.access.intercept.FilterSecurityInterceptor@731db93f]
2022-05-11 00:38:38.595  INFO 9756 --- [main] o.s.s.web.DefaultSecurityFilterChain     : Will secure any request with [org.springframework.security.web.context.request.async.WebAsyncManagerIntegrationFilter@5ef2cbe6, org.springframework.security.web.context.SecurityContextPersistenceFilter@cd5ff55, org.springframework.security.web.header.HeaderWriterFilter@7ed7ae, org.springframework.security.web.csrf.CsrfFilter@7dd45c93, org.springframework.security.web.authentication.logout.LogoutFilter@3688baab, org.springframework.security.web.authentication.UsernamePasswordAuthenticationFilter@7dd91ffc, org.springframework.security.web.savedrequest.RequestCacheAwareFilter@6003220a, org.springframework.security.web.servletapi.SecurityContextHolderAwareRequestFilter@16b64a03, org.springframework.security.web.authentication.rememberme.RememberMeAuthenticationFilter@19faedcc, org.springframework.security.web.authentication.AnonymousAuthenticationFilter@266da047, org.springframework.security.web.session.SessionManagementFilter@53ba1175, org.springframework.security.web.access.ExceptionTranslationFilter@374b6e33, org.springframework.security.web.access.intercept.FilterSecurityInterceptor@726a8729]
2022-05-11 00:38:38.606  INFO 9756 --- [main] o.s.s.web.DefaultSecurityFilterChain     : Will secure any request with [org.springframework.security.web.context.request.async.WebAsyncManagerIntegrationFilter@6326c5ec, org.springframework.security.web.context.SecurityContextPersistenceFilter@5b3518e1, org.springframework.security.web.header.HeaderWriterFilter@74d22ddd, org.springframework.security.web.csrf.CsrfFilter@2e7bb00e, org.springframework.security.web.authentication.logout.LogoutFilter@75ed7512, org.springframework.security.web.authentication.UsernamePasswordAuthenticationFilter@5f45bc8e, org.springframework.security.web.authentication.ui.DefaultLoginPageGeneratingFilter@7b451bf4, org.springframework.security.web.authentication.ui.DefaultLogoutPageGeneratingFilter@138a85d3, org.springframework.security.web.authentication.www.BasicAuthenticationFilter@191f4d65, org.springframework.security.web.savedrequest.RequestCacheAwareFilter@5fd18419, org.springframework.security.web.servletapi.SecurityContextHolderAwareRequestFilter@3a88f6fb, org.springframework.security.web.authentication.AnonymousAuthenticationFilter@709d86a2, org.springframework.security.web.session.SessionManagementFilter@283d3628, org.springframework.security.web.access.ExceptionTranslationFilter@7d1f3fe9, org.springframework.security.web.access.intercept.FilterSecurityInterceptor@29147c12]
2022-05-11 00:38:39.084  WARN 9756 --- [main] ConfigServletWebServerApplicationContext : Exception encountered during context initialization - cancelling refresh attempt: org.springframework.context.ApplicationContextException: Failed to start bean 'webServerStartStop'; nested exception is org.springframework.boot.web.server.PortInUseException: Port 8080 is already in use
2022-05-11 00:38:39.088  INFO 9756 --- [main] j.LocalContainerEntityManagerFactoryBean : Closing JPA EntityManagerFactory for persistence unit 'default'
2022-05-11 00:38:39.089  INFO 9756 --- [main] com.zaxxer.hikari.HikariDataSource       : HikariPool-1 - Shutdown initiated...
2022-05-11 00:38:39.093  INFO 9756 --- [main] com.zaxxer.hikari.HikariDataSource       : HikariPool-1 - Shutdown completed.
2022-05-11 00:38:39.097  INFO 9756 --- [main] o.apache.catalina.core.StandardService   : Stopping service [Tomcat]
2022-05-11 00:38:39.110  INFO 9756 --- [main] ConditionEvaluationReportLoggingListener : 

Error starting ApplicationContext. To display the conditions report re-run your application with 'debug' enabled.
2022-05-11 00:38:39.243 ERROR 9756 --- [main] o.s.b.d.LoggingFailureAnalysisReporter   : 

***************************
APPLICATION FAILED TO START
***************************

Description:

Web server failed to start. Port 8080 was already in use.

Action:

Identify and stop the process that's listening on port 8080 or configure this application to listen on another port.

2022-05-11 00:39:33.840  INFO 15844 --- [main] ru.kpfu.itis.hotel.HotelApplication      : Starting HotelApplication using Java 1.8.0_302 on DESKTOP-C0BSHQ4 with PID 15844 (D:\stud sql\JAVA\Hotel\target\classes started by niazh in D:\stud sql\JAVA\Hotel)
2022-05-11 00:39:33.844  INFO 15844 --- [main] ru.kpfu.itis.hotel.HotelApplication      : No active profile set, falling back to 1 default profile: "default"
2022-05-11 00:39:34.589  INFO 15844 --- [main] .s.d.r.c.RepositoryConfigurationDelegate : Bootstrapping Spring Data JPA repositories in DEFAULT mode.
2022-05-11 00:39:34.652  INFO 15844 --- [main] .s.d.r.c.RepositoryConfigurationDelegate : Finished Spring Data repository scanning in 51 ms. Found 4 JPA repository interfaces.
2022-05-11 00:39:35.478  INFO 15844 --- [main] o.s.b.w.embedded.tomcat.TomcatWebServer  : Tomcat initialized with port(s): 8080 (http)
2022-05-11 00:39:35.486  INFO 15844 --- [main] o.apache.catalina.core.StandardService   : Starting service [Tomcat]
2022-05-11 00:39:35.486  INFO 15844 --- [main] org.apache.catalina.core.StandardEngine  : Starting Servlet engine: [Apache Tomcat/9.0.62]
2022-05-11 00:39:35.645  INFO 15844 --- [main] o.a.c.c.C.[Tomcat].[localhost].[/]       : Initializing Spring embedded WebApplicationContext
2022-05-11 00:39:35.645  INFO 15844 --- [main] w.s.c.ServletWebServerApplicationContext : Root WebApplicationContext: initialization completed in 1730 ms
2022-05-11 00:39:35.758  INFO 15844 --- [main] com.zaxxer.hikari.HikariDataSource       : HikariPool-1 - Starting...
2022-05-11 00:39:35.952  INFO 15844 --- [main] com.zaxxer.hikari.HikariDataSource       : HikariPool-1 - Start completed.
2022-05-11 00:39:36.020  INFO 15844 --- [main] o.hibernate.jpa.internal.util.LogHelper  : HHH000204: Processing PersistenceUnitInfo [name: default]
2022-05-11 00:39:36.065  INFO 15844 --- [main] org.hibernate.Version                    : HHH000412: Hibernate ORM core version 5.6.8.Final
2022-05-11 00:39:36.205  INFO 15844 --- [main] o.hibernate.annotations.common.Version   : HCANN000001: Hibernate Commons Annotations {5.1.2.Final}
2022-05-11 00:39:36.334  INFO 15844 --- [main] org.hibernate.dialect.Dialect            : HHH000400: Using dialect: org.hibernate.dialect.PostgreSQLDialect
2022-05-11 00:39:37.175  INFO 15844 --- [main] o.h.e.t.j.p.i.JtaPlatformInitiator       : HHH000490: Using JtaPlatform implementation: [org.hibernate.engine.transaction.jta.platform.internal.NoJtaPlatform]
2022-05-11 00:39:37.186  INFO 15844 --- [main] j.LocalContainerEntityManagerFactoryBean : Initialized JPA EntityManagerFactory for persistence unit 'default'
2022-05-11 00:39:37.793  WARN 15844 --- [main] JpaBaseConfiguration$JpaWebConfiguration : spring.jpa.open-in-view is enabled by default. Therefore, database queries may be performed during view rendering. Explicitly configure spring.jpa.open-in-view to disable this warning
2022-05-11 00:39:38.036  INFO 15844 --- [main] o.s.s.web.DefaultSecurityFilterChain     : Will secure Ant [pattern='/auth/**'] with [org.springframework.security.web.context.request.async.WebAsyncManagerIntegrationFilter@53ba1175, org.springframework.security.web.context.SecurityContextPersistenceFilter@5835e24a, org.springframework.security.web.header.HeaderWriterFilter@774f2992, org.springframework.security.web.csrf.CsrfFilter@13cc31ae, org.springframework.security.web.authentication.logout.LogoutFilter@4c5f7b4f, ru.kpfu.itis.hotel.security.ouath.VkOAuthAuthenticationFilter@701c223a, org.springframework.security.web.savedrequest.RequestCacheAwareFilter@74a85515, org.springframework.security.web.servletapi.SecurityContextHolderAwareRequestFilter@6eeb29c0, org.springframework.security.web.authentication.AnonymousAuthenticationFilter@cd5ff55, org.springframework.security.web.session.SessionManagementFilter@674184d, org.springframework.security.web.access.ExceptionTranslationFilter@2c0798bd, org.springframework.security.web.access.intercept.FilterSecurityInterceptor@5d92e8e2]
2022-05-11 00:39:38.050  INFO 15844 --- [main] o.s.s.web.DefaultSecurityFilterChain     : Will secure any request with [org.springframework.security.web.context.request.async.WebAsyncManagerIntegrationFilter@5f45bc8e, org.springframework.security.web.context.SecurityContextPersistenceFilter@2e7bb00e, org.springframework.security.web.header.HeaderWriterFilter@5c8ab9de, org.springframework.security.web.csrf.CsrfFilter@bfe47a8, org.springframework.security.web.authentication.logout.LogoutFilter@5b3518e1, org.springframework.security.web.authentication.UsernamePasswordAuthenticationFilter@75ed7512, org.springframework.security.web.savedrequest.RequestCacheAwareFilter@7d1f3fe9, org.springframework.security.web.servletapi.SecurityContextHolderAwareRequestFilter@74d22ddd, org.springframework.security.web.authentication.rememberme.RememberMeAuthenticationFilter@37cfda1c, org.springframework.security.web.authentication.AnonymousAuthenticationFilter@33e50ff2, org.springframework.security.web.session.SessionManagementFilter@57416e49, org.springframework.security.web.access.ExceptionTranslationFilter@2f1f9515, org.springframework.security.web.access.intercept.FilterSecurityInterceptor@5b665a30]
2022-05-11 00:39:38.061  INFO 15844 --- [main] o.s.s.web.DefaultSecurityFilterChain     : Will secure any request with [org.springframework.security.web.context.request.async.WebAsyncManagerIntegrationFilter@1a4083f6, org.springframework.security.web.context.SecurityContextPersistenceFilter@4ad896f7, org.springframework.security.web.header.HeaderWriterFilter@5ad57e90, org.springframework.security.web.csrf.CsrfFilter@67e6eb52, org.springframework.security.web.authentication.logout.LogoutFilter@32e697ac, org.springframework.security.web.authentication.UsernamePasswordAuthenticationFilter@5408d4b3, org.springframework.security.web.authentication.ui.DefaultLoginPageGeneratingFilter@45796b2a, org.springframework.security.web.authentication.ui.DefaultLogoutPageGeneratingFilter@23f5008a, org.springframework.security.web.authentication.www.BasicAuthenticationFilter@fcd0e8d, org.springframework.security.web.savedrequest.RequestCacheAwareFilter@c318864, org.springframework.security.web.servletapi.SecurityContextHolderAwareRequestFilter@7d61468c, org.springframework.security.web.authentication.AnonymousAuthenticationFilter@44abdb1f, org.springframework.security.web.session.SessionManagementFilter@1a345298, org.springframework.security.web.access.ExceptionTranslationFilter@3e8b8f0, org.springframework.security.web.access.intercept.FilterSecurityInterceptor@5aab5b31]
2022-05-11 00:39:38.549  WARN 15844 --- [main] ConfigServletWebServerApplicationContext : Exception encountered during context initialization - cancelling refresh attempt: org.springframework.context.ApplicationContextException: Failed to start bean 'webServerStartStop'; nested exception is org.springframework.boot.web.server.PortInUseException: Port 8080 is already in use
2022-05-11 00:39:38.552  INFO 15844 --- [main] j.LocalContainerEntityManagerFactoryBean : Closing JPA EntityManagerFactory for persistence unit 'default'
2022-05-11 00:39:38.554  INFO 15844 --- [main] com.zaxxer.hikari.HikariDataSource       : HikariPool-1 - Shutdown initiated...
2022-05-11 00:39:38.557  INFO 15844 --- [main] com.zaxxer.hikari.HikariDataSource       : HikariPool-1 - Shutdown completed.
2022-05-11 00:39:38.562  INFO 15844 --- [main] o.apache.catalina.core.StandardService   : Stopping service [Tomcat]
2022-05-11 00:39:38.575  INFO 15844 --- [main] ConditionEvaluationReportLoggingListener : 

Error starting ApplicationContext. To display the conditions report re-run your application with 'debug' enabled.
2022-05-11 00:39:38.717 ERROR 15844 --- [main] o.s.b.d.LoggingFailureAnalysisReporter   : 

***************************
APPLICATION FAILED TO START
***************************

Description:

Web server failed to start. Port 8080 was already in use.

Action:

Identify and stop the process that's listening on port 8080 or configure this application to listen on another port.

